2020-04-29 14:44:37 DEBUG AnnotationConfigApplicationContext:594 - Refreshing org.springframework.context.annotation.AnnotationConfigApplicationContext@7e0b37bc
2020-04-29 14:44:37 DEBUG DefaultListableBeanFactory:213 - Creating shared instance of singleton bean 'org.springframework.context.annotation.internalConfigurationAnnotationProcessor'
2020-04-29 14:44:37 DEBUG ClassPathBeanDefinitionScanner:437 - Identified candidate component class: file [G:\CapG\Module3\Labbook1.3\target\classes\com\cg\labbook1\dao\DaoImp.class]
2020-04-29 14:44:37 DEBUG ClassPathBeanDefinitionScanner:437 - Identified candidate component class: file [G:\CapG\Module3\Labbook1.3\target\classes\com\cg\labbook1\service\ServiceImp.class]
2020-04-29 14:44:38 DEBUG DefaultListableBeanFactory:213 - Creating shared instance of singleton bean 'org.springframework.context.event.internalEventListenerProcessor'
2020-04-29 14:44:38 DEBUG DefaultListableBeanFactory:213 - Creating shared instance of singleton bean 'org.springframework.context.event.internalEventListenerFactory'
2020-04-29 14:44:38 DEBUG DefaultListableBeanFactory:213 - Creating shared instance of singleton bean 'org.springframework.context.annotation.internalAutowiredAnnotationProcessor'
2020-04-29 14:44:38 DEBUG DefaultListableBeanFactory:213 - Creating shared instance of singleton bean 'org.springframework.context.annotation.internalCommonAnnotationProcessor'
2020-04-29 14:44:38 DEBUG DefaultListableBeanFactory:213 - Creating shared instance of singleton bean 'javaConfig'
2020-04-29 14:44:38 DEBUG DefaultListableBeanFactory:213 - Creating shared instance of singleton bean 'daoImp'
2020-04-29 14:44:38 DEBUG DefaultListableBeanFactory:213 - Creating shared instance of singleton bean 'sbu'
2020-04-29 14:44:38 DEBUG DefaultListableBeanFactory:213 - Creating shared instance of singleton bean 'serviceImp'
2020-04-29 14:48:20 DEBUG AnnotationConfigApplicationContext:594 - Refreshing org.springframework.context.annotation.AnnotationConfigApplicationContext@7e0b37bc
2020-04-29 14:48:20 DEBUG DefaultListableBeanFactory:213 - Creating shared instance of singleton bean 'org.springframework.context.annotation.internalConfigurationAnnotationProcessor'
2020-04-29 14:48:20 DEBUG ClassPathBeanDefinitionScanner:437 - Identified candidate component class: file [G:\CapG\Module3\Labbook1.3\target\classes\com\cg\labbook1\dao\DaoImp.class]
2020-04-29 14:48:20 DEBUG ClassPathBeanDefinitionScanner:437 - Identified candidate component class: file [G:\CapG\Module3\Labbook1.3\target\classes\com\cg\labbook1\service\ServiceImp.class]
2020-04-29 14:48:21 DEBUG DefaultListableBeanFactory:213 - Creating shared instance of singleton bean 'org.springframework.context.event.internalEventListenerProcessor'
2020-04-29 14:48:21 DEBUG DefaultListableBeanFactory:213 - Creating shared instance of singleton bean 'org.springframework.context.event.internalEventListenerFactory'
2020-04-29 14:48:21 DEBUG DefaultListableBeanFactory:213 - Creating shared instance of singleton bean 'org.springframework.context.annotation.internalAutowiredAnnotationProcessor'
2020-04-29 14:48:21 DEBUG DefaultListableBeanFactory:213 - Creating shared instance of singleton bean 'org.springframework.context.annotation.internalCommonAnnotationProcessor'
2020-04-29 14:48:21 DEBUG DefaultListableBeanFactory:213 - Creating shared instance of singleton bean 'javaConfig'
2020-04-29 14:48:21 DEBUG DefaultListableBeanFactory:213 - Creating shared instance of singleton bean 'daoImp'
2020-04-29 14:48:21 DEBUG DefaultListableBeanFactory:213 - Creating shared instance of singleton bean 'sbu'
2020-04-29 14:48:21 DEBUG DefaultListableBeanFactory:213 - Creating shared instance of singleton bean 'serviceImp'
