2020-04-24 23:20:17 DEBUG AnnotationConfigApplicationContext:594 - Refreshing org.springframework.context.annotation.AnnotationConfigApplicationContext@7e0b37bc
2020-04-24 23:20:17 DEBUG DefaultListableBeanFactory:213 - Creating shared instance of singleton bean 'org.springframework.context.annotation.internalConfigurationAnnotationProcessor'
2020-04-24 23:20:17 DEBUG DefaultListableBeanFactory:213 - Creating shared instance of singleton bean 'org.springframework.context.event.internalEventListenerProcessor'
2020-04-24 23:20:17 DEBUG DefaultListableBeanFactory:213 - Creating shared instance of singleton bean 'org.springframework.context.event.internalEventListenerFactory'
2020-04-24 23:20:17 DEBUG DefaultListableBeanFactory:213 - Creating shared instance of singleton bean 'org.springframework.context.annotation.internalAutowiredAnnotationProcessor'
2020-04-24 23:20:17 DEBUG DefaultListableBeanFactory:213 - Creating shared instance of singleton bean 'org.springframework.context.annotation.internalCommonAnnotationProcessor'
2020-04-24 23:21:49 DEBUG AnnotationConfigApplicationContext:594 - Refreshing org.springframework.context.annotation.AnnotationConfigApplicationContext@7e0b37bc
2020-04-24 23:21:49 DEBUG DefaultListableBeanFactory:213 - Creating shared instance of singleton bean 'org.springframework.context.annotation.internalConfigurationAnnotationProcessor'
2020-04-24 23:21:49 DEBUG DefaultListableBeanFactory:213 - Creating shared instance of singleton bean 'org.springframework.context.event.internalEventListenerProcessor'
2020-04-24 23:21:49 DEBUG DefaultListableBeanFactory:213 - Creating shared instance of singleton bean 'org.springframework.context.event.internalEventListenerFactory'
2020-04-24 23:21:49 DEBUG DefaultListableBeanFactory:213 - Creating shared instance of singleton bean 'org.springframework.context.annotation.internalAutowiredAnnotationProcessor'
2020-04-24 23:21:49 DEBUG DefaultListableBeanFactory:213 - Creating shared instance of singleton bean 'org.springframework.context.annotation.internalCommonAnnotationProcessor'
2020-04-24 23:22:57 DEBUG AnnotationConfigApplicationContext:594 - Refreshing org.springframework.context.annotation.AnnotationConfigApplicationContext@7e0b37bc
2020-04-24 23:22:57 DEBUG DefaultListableBeanFactory:213 - Creating shared instance of singleton bean 'org.springframework.context.annotation.internalConfigurationAnnotationProcessor'
2020-04-24 23:22:57 DEBUG DefaultListableBeanFactory:213 - Creating shared instance of singleton bean 'org.springframework.context.event.internalEventListenerProcessor'
2020-04-24 23:22:57 DEBUG DefaultListableBeanFactory:213 - Creating shared instance of singleton bean 'org.springframework.context.event.internalEventListenerFactory'
2020-04-24 23:22:57 DEBUG DefaultListableBeanFactory:213 - Creating shared instance of singleton bean 'org.springframework.context.annotation.internalAutowiredAnnotationProcessor'
2020-04-24 23:22:57 DEBUG DefaultListableBeanFactory:213 - Creating shared instance of singleton bean 'org.springframework.context.annotation.internalCommonAnnotationProcessor'
2020-04-24 23:24:44 DEBUG AnnotationConfigApplicationContext:594 - Refreshing org.springframework.context.annotation.AnnotationConfigApplicationContext@7e0b37bc
2020-04-24 23:24:44 DEBUG DefaultListableBeanFactory:213 - Creating shared instance of singleton bean 'org.springframework.context.annotation.internalConfigurationAnnotationProcessor'
2020-04-24 23:24:44 DEBUG DefaultListableBeanFactory:213 - Creating shared instance of singleton bean 'org.springframework.context.event.internalEventListenerProcessor'
2020-04-24 23:24:44 DEBUG DefaultListableBeanFactory:213 - Creating shared instance of singleton bean 'org.springframework.context.event.internalEventListenerFactory'
2020-04-24 23:24:44 DEBUG DefaultListableBeanFactory:213 - Creating shared instance of singleton bean 'org.springframework.context.annotation.internalAutowiredAnnotationProcessor'
2020-04-24 23:24:44 DEBUG DefaultListableBeanFactory:213 - Creating shared instance of singleton bean 'org.springframework.context.annotation.internalCommonAnnotationProcessor'
2020-04-24 23:25:44 DEBUG AnnotationConfigApplicationContext:594 - Refreshing org.springframework.context.annotation.AnnotationConfigApplicationContext@7e0b37bc
2020-04-24 23:25:44 DEBUG DefaultListableBeanFactory:213 - Creating shared instance of singleton bean 'org.springframework.context.annotation.internalConfigurationAnnotationProcessor'
2020-04-24 23:25:44 DEBUG DefaultListableBeanFactory:213 - Creating shared instance of singleton bean 'org.springframework.context.event.internalEventListenerProcessor'
2020-04-24 23:25:44 DEBUG DefaultListableBeanFactory:213 - Creating shared instance of singleton bean 'org.springframework.context.event.internalEventListenerFactory'
2020-04-24 23:25:44 DEBUG DefaultListableBeanFactory:213 - Creating shared instance of singleton bean 'org.springframework.context.annotation.internalAutowiredAnnotationProcessor'
2020-04-24 23:25:44 DEBUG DefaultListableBeanFactory:213 - Creating shared instance of singleton bean 'org.springframework.context.annotation.internalCommonAnnotationProcessor'
2020-04-24 23:30:33 DEBUG AnnotationConfigApplicationContext:594 - Refreshing org.springframework.context.annotation.AnnotationConfigApplicationContext@7e0b37bc
2020-04-24 23:30:33 DEBUG DefaultListableBeanFactory:213 - Creating shared instance of singleton bean 'org.springframework.context.annotation.internalConfigurationAnnotationProcessor'
2020-04-24 23:30:33 DEBUG DefaultListableBeanFactory:213 - Creating shared instance of singleton bean 'org.springframework.context.event.internalEventListenerProcessor'
2020-04-24 23:30:33 DEBUG DefaultListableBeanFactory:213 - Creating shared instance of singleton bean 'org.springframework.context.event.internalEventListenerFactory'
2020-04-24 23:30:33 DEBUG DefaultListableBeanFactory:213 - Creating shared instance of singleton bean 'org.springframework.context.annotation.internalAutowiredAnnotationProcessor'
2020-04-24 23:30:33 DEBUG DefaultListableBeanFactory:213 - Creating shared instance of singleton bean 'org.springframework.context.annotation.internalCommonAnnotationProcessor'
2020-04-24 23:41:26 DEBUG AnnotationConfigApplicationContext:594 - Refreshing org.springframework.context.annotation.AnnotationConfigApplicationContext@7e0b37bc
2020-04-24 23:41:26 DEBUG DefaultListableBeanFactory:213 - Creating shared instance of singleton bean 'org.springframework.context.annotation.internalConfigurationAnnotationProcessor'
2020-04-24 23:41:27 DEBUG ClassPathBeanDefinitionScanner:437 - Identified candidate component class: file [G:\CapG\Module3\Labbook1\target\classes\com\cg\labbook1\bean\Employee.class]
2020-04-24 23:41:27 DEBUG ClassPathBeanDefinitionScanner:437 - Identified candidate component class: file [G:\CapG\Module3\Labbook1\target\classes\com\cg\labbook1\dao\DaoImp.class]
2020-04-24 23:41:27 DEBUG ClassPathBeanDefinitionScanner:437 - Identified candidate component class: file [G:\CapG\Module3\Labbook1\target\classes\com\cg\labbook1\service\ServiceImp.class]
2020-04-24 23:41:27 DEBUG DefaultListableBeanFactory:213 - Creating shared instance of singleton bean 'org.springframework.context.event.internalEventListenerProcessor'
2020-04-24 23:41:27 DEBUG DefaultListableBeanFactory:213 - Creating shared instance of singleton bean 'org.springframework.context.event.internalEventListenerFactory'
2020-04-24 23:41:27 DEBUG DefaultListableBeanFactory:213 - Creating shared instance of singleton bean 'org.springframework.context.annotation.internalAutowiredAnnotationProcessor'
2020-04-24 23:41:27 DEBUG DefaultListableBeanFactory:213 - Creating shared instance of singleton bean 'org.springframework.context.annotation.internalCommonAnnotationProcessor'
2020-04-24 23:41:27 DEBUG DefaultListableBeanFactory:213 - Creating shared instance of singleton bean 'javaConfig'
2020-04-24 23:41:27 DEBUG DefaultListableBeanFactory:213 - Creating shared instance of singleton bean 'employee'
2020-04-24 23:41:27 WARN  AnnotationConfigApplicationContext:557 - Exception encountered during context initialization - cancelling refresh attempt: org.springframework.beans.factory.UnsatisfiedDependencyException: Error creating bean with name 'employee': Unsatisfied dependency expressed through field 'employeeId'; nested exception is org.springframework.beans.TypeMismatchException: Failed to convert value of type 'java.lang.String' to required type 'int'; nested exception is java.lang.NumberFormatException: For input string: "${employeeId}"
2020-04-24 23:47:09 DEBUG AnnotationConfigApplicationContext:594 - Refreshing org.springframework.context.annotation.AnnotationConfigApplicationContext@7e0b37bc
2020-04-24 23:47:09 DEBUG DefaultListableBeanFactory:213 - Creating shared instance of singleton bean 'org.springframework.context.annotation.internalConfigurationAnnotationProcessor'
2020-04-24 23:47:09 DEBUG ClassPathBeanDefinitionScanner:437 - Identified candidate component class: file [G:\CapG\Module3\Labbook1\target\classes\com\cg\labbook1\bean\Employee.class]
2020-04-24 23:47:09 DEBUG ClassPathBeanDefinitionScanner:437 - Identified candidate component class: file [G:\CapG\Module3\Labbook1\target\classes\com\cg\labbook1\dao\DaoImp.class]
2020-04-24 23:47:09 DEBUG ClassPathBeanDefinitionScanner:437 - Identified candidate component class: file [G:\CapG\Module3\Labbook1\target\classes\com\cg\labbook1\service\ServiceImp.class]
2020-04-24 23:47:09 DEBUG DefaultListableBeanFactory:213 - Creating shared instance of singleton bean 'org.springframework.context.event.internalEventListenerProcessor'
2020-04-24 23:47:09 DEBUG DefaultListableBeanFactory:213 - Creating shared instance of singleton bean 'org.springframework.context.event.internalEventListenerFactory'
2020-04-24 23:47:09 DEBUG DefaultListableBeanFactory:213 - Creating shared instance of singleton bean 'org.springframework.context.annotation.internalAutowiredAnnotationProcessor'
2020-04-24 23:47:09 DEBUG DefaultListableBeanFactory:213 - Creating shared instance of singleton bean 'org.springframework.context.annotation.internalCommonAnnotationProcessor'
2020-04-24 23:47:09 DEBUG DefaultListableBeanFactory:213 - Creating shared instance of singleton bean 'javaConfig'
2020-04-24 23:47:09 DEBUG DefaultListableBeanFactory:213 - Creating shared instance of singleton bean 'employee'
2020-04-24 23:47:09 DEBUG PropertySourcesPropertyResolver:115 - Found key 'employeeId' in PropertySource 'class path resource [info.properties]' with value of type String
2020-04-24 23:47:09 DEBUG PropertySourcesPropertyResolver:115 - Found key 'employeeName' in PropertySource 'class path resource [info.properties]' with value of type String
2020-04-24 23:47:09 DEBUG PropertySourcesPropertyResolver:115 - Found key 'salary' in PropertySource 'class path resource [info.properties]' with value of type String
2020-04-24 23:47:09 DEBUG PropertySourcesPropertyResolver:115 - Found key 'businessUnit' in PropertySource 'class path resource [info.properties]' with value of type String
2020-04-24 23:47:09 DEBUG PropertySourcesPropertyResolver:115 - Found key 'age' in PropertySource 'class path resource [info.properties]' with value of type String
2020-04-24 23:47:09 DEBUG DefaultListableBeanFactory:213 - Creating shared instance of singleton bean 'daoImp'
2020-04-24 23:47:09 DEBUG DefaultListableBeanFactory:213 - Creating shared instance of singleton bean 'serviceImp'
2020-04-24 23:51:33 DEBUG AnnotationConfigApplicationContext:594 - Refreshing org.springframework.context.annotation.AnnotationConfigApplicationContext@7e0b37bc
2020-04-24 23:51:33 DEBUG DefaultListableBeanFactory:213 - Creating shared instance of singleton bean 'org.springframework.context.annotation.internalConfigurationAnnotationProcessor'
2020-04-24 23:51:33 DEBUG ClassPathBeanDefinitionScanner:437 - Identified candidate component class: file [G:\CapG\Module3\Labbook1\target\classes\com\cg\labbook1\bean\Employee.class]
2020-04-24 23:51:33 DEBUG ClassPathBeanDefinitionScanner:437 - Identified candidate component class: file [G:\CapG\Module3\Labbook1\target\classes\com\cg\labbook1\dao\DaoImp.class]
2020-04-24 23:51:33 DEBUG ClassPathBeanDefinitionScanner:437 - Identified candidate component class: file [G:\CapG\Module3\Labbook1\target\classes\com\cg\labbook1\service\ServiceImp.class]
2020-04-24 23:51:33 DEBUG DefaultListableBeanFactory:213 - Creating shared instance of singleton bean 'org.springframework.context.event.internalEventListenerProcessor'
2020-04-24 23:51:33 DEBUG DefaultListableBeanFactory:213 - Creating shared instance of singleton bean 'org.springframework.context.event.internalEventListenerFactory'
2020-04-24 23:51:33 DEBUG DefaultListableBeanFactory:213 - Creating shared instance of singleton bean 'org.springframework.context.annotation.internalAutowiredAnnotationProcessor'
2020-04-24 23:51:33 DEBUG DefaultListableBeanFactory:213 - Creating shared instance of singleton bean 'org.springframework.context.annotation.internalCommonAnnotationProcessor'
2020-04-24 23:51:33 DEBUG DefaultListableBeanFactory:213 - Creating shared instance of singleton bean 'javaConfig'
2020-04-24 23:51:33 DEBUG DefaultListableBeanFactory:213 - Creating shared instance of singleton bean 'employee'
2020-04-24 23:51:33 DEBUG PropertySourcesPropertyResolver:115 - Found key 'employeeId' in PropertySource 'class path resource [info.properties]' with value of type String
2020-04-24 23:51:33 DEBUG PropertySourcesPropertyResolver:115 - Found key 'employeeName' in PropertySource 'class path resource [info.properties]' with value of type String
2020-04-24 23:51:33 DEBUG PropertySourcesPropertyResolver:115 - Found key 'salary' in PropertySource 'class path resource [info.properties]' with value of type String
2020-04-24 23:51:33 DEBUG PropertySourcesPropertyResolver:115 - Found key 'businessUnit' in PropertySource 'class path resource [info.properties]' with value of type String
2020-04-24 23:51:33 DEBUG PropertySourcesPropertyResolver:115 - Found key 'age' in PropertySource 'class path resource [info.properties]' with value of type String
2020-04-24 23:51:33 DEBUG DefaultListableBeanFactory:213 - Creating shared instance of singleton bean 'daoImp'
2020-04-24 23:51:33 DEBUG DefaultListableBeanFactory:213 - Creating shared instance of singleton bean 'serviceImp'
